# JRE version: OpenJDK Runtime Environment Corretto-17.0.3.6.1 (17.0.3+6) (build 17.0.3+6-LTS)
# Java VM: OpenJDK 64-Bit Server VM Corretto-17.0.3.6.1 (17.0.3+6-LTS, mixed mode, sharing, tiered, compressed oops, compressed class ptrs, g1 gc, windows-amd64)
GC Precious Log:
 CPUs: 16 total, 16 available
 Memory: 24413M
 Large Page Support: Disabled
 NUMA Support: Disabled
 Compressed Oops: Enabled (32-bit)
 Heap Region Size: 1M
 Heap Min Capacity: 8M
 Heap Initial Capacity: 382M
 Heap Max Capacity: 2G
 Pre-touch: Disabled
 Parallel Workers: 13
 Concurrent Workers: 3
 Concurrent Refinement Workers: 13
 Periodic GC: Disabled
Heap:
 garbage-first heap   total 467968K, used 319888K [0x0000000080000000, 0x0000000100000000)
  region size 1024K, 47 young (48128K), 14 survivors (14336K)
 Metaspace       used 140586K, committed 141888K, reserved 1179648K
  class space    used 18180K, committed 18816K, reserved 1048576K
GC Heap History (20 events):
Event: 127.465 GC heap before
{Heap before GC invocations=39 (full 0):
 garbage-first heap   total 467968K, used 373836K [0x0000000080000000, 0x0000000100000000)
  region size 1024K, 194 young (198656K), 16 survivors (16384K)
 Metaspace       used 123228K, committed 124416K, reserved 1163264K
  class space    used 16101K, committed 16704K, reserved 1048576K
}
Event: 127.481 GC heap after
{Heap after GC invocations=40 (full 0):
 garbage-first heap   total 467968K, used 210093K [0x0000000080000000, 0x0000000100000000)
  region size 1024K, 18 young (18432K), 18 survivors (18432K)
 Metaspace       used 123228K, committed 124416K, reserved 1163264K
  class space    used 16101K, committed 16704K, reserved 1048576K
}
Event: 3395.250 GC heap before
{Heap before GC invocations=40 (full 0):
 garbage-first heap   total 467968K, used 373933K [0x0000000080000000, 0x0000000100000000)
  region size 1024K, 179 young (183296K), 18 survivors (18432K)
 Metaspace       used 125258K, committed 126528K, reserved 1163264K
  class space    used 16331K, committed 16960K, reserved 1048576K
}
Event: 3395.280 GC heap after
{Heap after GC invocations=41 (full 0):
 garbage-first heap   total 467968K, used 219558K [0x0000000080000000, 0x0000000100000000)
  region size 1024K, 12 young (12288K), 12 survivors (12288K)
 Metaspace       used 125258K, committed 126528K, reserved 1163264K
  class space    used 16331K, committed 16960K, reserved 1048576K
}
Event: 3397.217 GC heap before
{Heap before GC invocations=41 (full 0):
 garbage-first heap   total 467968K, used 380326K [0x0000000080000000, 0x0000000100000000)
  region size 1024K, 167 young (171008K), 12 survivors (12288K)
 Metaspace       used 131607K, committed 132864K, reserved 1171456K
  class space    used 17165K, committed 17792K, reserved 1048576K
}
Event: 3397.235 GC heap after
{Heap after GC invocations=42 (full 0):
 garbage-first heap   total 467968K, used 247600K [0x0000000080000000, 0x0000000100000000)
  region size 1024K, 21 young (21504K), 21 survivors (21504K)
 Metaspace       used 131607K, committed 132864K, reserved 1171456K
  class space    used 17165K, committed 17792K, reserved 1048576K
}
Event: 3402.196 GC heap before
{Heap before GC invocations=42 (full 0):
 garbage-first heap   total 467968K, used 397104K [0x0000000080000000, 0x0000000100000000)
  region size 1024K, 140 young (143360K), 21 survivors (21504K)
 Metaspace       used 133825K, committed 135104K, reserved 1171456K
  class space    used 17399K, committed 18048K, reserved 1048576K
}
Event: 3402.210 GC heap after
{Heap after GC invocations=43 (full 0):
 garbage-first heap   total 467968K, used 260944K [0x0000000080000000, 0x0000000100000000)
  region size 1024K, 14 young (14336K), 14 survivors (14336K)
 Metaspace       used 133825K, committed 135104K, reserved 1171456K
  class space    used 17399K, committed 18048K, reserved 1048576K
}
Event: 3403.031 GC heap before
{Heap before GC invocations=43 (full 0):
 garbage-first heap   total 467968K, used 374608K [0x0000000080000000, 0x0000000100000000)
  region size 1024K, 126 young (129024K), 14 survivors (14336K)
 Metaspace       used 135520K, committed 136832K, reserved 1171456K
  class space    used 17589K, committed 18240K, reserved 1048576K
}
Event: 3403.039 GC heap after
{Heap after GC invocations=44 (full 0):
 garbage-first heap   total 467968K, used 269165K [0x0000000080000000, 0x0000000100000000)
  region size 1024K, 10 young (10240K), 10 survivors (10240K)
 Metaspace       used 135520K, committed 136832K, reserved 1171456K
  class space    used 17589K, committed 18240K, reserved 1048576K
}
Event: 3403.324 GC heap before
{Heap before GC invocations=44 (full 0):
 garbage-first heap   total 467968K, used 379757K [0x0000000080000000, 0x0000000100000000)
  region size 1024K, 119 young (121856K), 10 survivors (10240K)
 Metaspace       used 136150K, committed 137408K, reserved 1171456K
  class space    used 17671K, committed 18304K, reserved 1048576K
}
Event: 3403.331 GC heap after
{Heap after GC invocations=45 (full 0):
 garbage-first heap   total 467968K, used 274064K [0x0000000080000000, 0x0000000100000000)
  region size 1024K, 8 young (8192K), 8 survivors (8192K)
 Metaspace       used 136150K, committed 137408K, reserved 1171456K
  class space    used 17671K, committed 18304K, reserved 1048576K
}
Event: 3405.578 GC heap before
{Heap before GC invocations=45 (full 0):
 garbage-first heap   total 467968K, used 383632K [0x0000000080000000, 0x0000000100000000)
  region size 1024K, 116 young (118784K), 8 survivors (8192K)
 Metaspace       used 136643K, committed 137920K, reserved 1171456K
  class space    used 17714K, committed 18368K, reserved 1048576K
}
Event: 3405.583 GC heap after
{Heap after GC invocations=46 (full 0):
 garbage-first heap   total 467968K, used 275875K [0x0000000080000000, 0x0000000100000000)
  region size 1024K, 10 young (10240K), 10 survivors (10240K)
 Metaspace       used 136643K, committed 137920K, reserved 1171456K
  class space    used 17714K, committed 18368K, reserved 1048576K
}
Event: 3405.835 GC heap before
{Heap before GC invocations=46 (full 0):
 garbage-first heap   total 467968K, used 387491K [0x0000000080000000, 0x0000000100000000)
  region size 1024K, 120 young (122880K), 10 survivors (10240K)
 Metaspace       used 137697K, committed 138944K, reserved 1171456K
  class space    used 17814K, committed 18432K, reserved 1048576K
}
Event: 3405.840 GC heap after
{Heap after GC invocations=47 (full 0):
 garbage-first heap   total 467968K, used 278906K [0x0000000080000000, 0x0000000100000000)
  region size 1024K, 8 young (8192K), 8 survivors (8192K)
 Metaspace       used 137697K, committed 138944K, reserved 1171456K
  class space    used 17814K, committed 18432K, reserved 1048576K
}
Event: 3446.762 GC heap before
{Heap before GC invocations=47 (full 0):
 garbage-first heap   total 467968K, used 390522K [0x0000000080000000, 0x0000000100000000)
  region size 1024K, 118 young (120832K), 8 survivors (8192K)
 Metaspace       used 139897K, committed 141248K, reserved 1171456K
  class space    used 18145K, committed 18816K, reserved 1048576K
}
Event: 3446.768 GC heap after
{Heap after GC invocations=48 (full 0):
 garbage-first heap   total 467968K, used 280876K [0x0000000080000000, 0x0000000100000000)
  region size 1024K, 10 young (10240K), 10 survivors (10240K)
 Metaspace       used 139897K, committed 141248K, reserved 1171456K
  class space    used 18145K, committed 18816K, reserved 1048576K
}
Event: 3452.124 GC heap before
{Heap before GC invocations=48 (full 0):
 garbage-first heap   total 467968K, used 394540K [0x0000000080000000, 0x0000000100000000)
  region size 1024K, 121 young (123904K), 10 survivors (10240K)
 Metaspace       used 140302K, committed 141568K, reserved 1179648K
  class space    used 18164K, committed 18816K, reserved 1048576K
}
Event: 3452.131 GC heap after
{Heap after GC invocations=49 (full 0):
 garbage-first heap   total 467968K, used 287120K [0x0000000080000000, 0x0000000100000000)
  region size 1024K, 14 young (14336K), 14 survivors (14336K)
 Metaspace       used 140302K, committed 141568K, reserved 1179648K
  class space    used 18164K, committed 18816K, reserved 1048576K
}

